[2022-11-07 00:37:51] [INFO] SERVICE: The service has started and is listening on port 3001
[2022-11-07 00:37:51] [INFO] DATABASE: Connection to challenge database successfully established
[2022-11-07 00:38:01] [INFO] SERVICE: The service has started and is listening on port 3001
[2022-11-07 00:38:02] [INFO] DATABASE: Connection to challenge database successfully established
[2022-11-07 00:38:22] [HTTP] POST /api/auth/login 200 - - 152.021 ms

[2022-11-07 00:38:35] [HTTP] GET /api/user 200 152 - 102.597 ms

[2022-11-07 00:38:46] [HTTP] GET /api/auth/logout 200 - - 3.760 ms

[2022-11-07 00:52:56] [HTTP] POST /api/auth/login 200 - - 166.829 ms

[2022-11-07 00:53:10] [HTTP] GET /api/auth/logout 200 - - 2.290 ms

[2022-11-07 00:56:38] [INFO] SERVICE: The service has started and is listening on port 3001
[2022-11-07 00:56:38] [INFO] DATABASE: Connection to challenge database successfully established
[2022-11-07 00:57:00] [INFO] SERVICE: The service has started and is listening on port 3001
[2022-11-07 00:57:00] [INFO] DATABASE: Connection to challenge database successfully established
[2022-11-07 00:57:15] [INFO] SERVICE: The service has started and is listening on port 3001
[2022-11-07 00:57:15] [INFO] DATABASE: Connection to challenge database successfully established
[2022-11-07 00:57:22] [INFO] SERVICE: The service has started and is listening on port 3001
[2022-11-07 00:57:22] [INFO] DATABASE: Connection to challenge database successfully established
[2022-11-07 00:57:31] [INFO] SERVICE: The service has started and is listening on port 3001
[2022-11-07 00:57:31] [INFO] DATABASE: Connection to challenge database successfully established
[2022-11-07 00:57:43] [INFO] SERVICE: The service has started and is listening on port 3001
[2022-11-07 00:57:43] [INFO] DATABASE: Connection to challenge database successfully established
[2022-11-07 00:57:56] [INFO] SERVICE: The service has started and is listening on port 3001
[2022-11-07 00:57:56] [INFO] DATABASE: Connection to challenge database successfully established
[2022-11-07 00:58:20] [INFO] SERVICE: The service has started and is listening on port 3001
[2022-11-07 00:58:21] [INFO] DATABASE: Connection to challenge database successfully established
[2022-11-07 00:58:33] [INFO] SERVICE: The service has started and is listening on port 3001
[2022-11-07 00:58:33] [INFO] DATABASE: Connection to challenge database successfully established
[2022-11-07 00:58:53] [INFO] SERVICE: The service has started and is listening on port 3001
[2022-11-07 00:58:53] [INFO] DATABASE: Connection to challenge database successfully established
[2022-11-07 00:59:07] [INFO] SERVICE: The service has started and is listening on port 3001
[2022-11-07 00:59:07] [INFO] DATABASE: Connection to challenge database successfully established
[2022-11-07 01:03:21] [HTTP] GET /api/user/all 403 - - 93.634 ms

[2022-11-07 01:03:37] [HTTP] POST /api/auth/login 200 - - 152.252 ms

[2022-11-07 01:03:57] [HTTP] GET /api/user/all 200 154 - 73.807 ms

[2022-11-07 01:05:44] [HTTP] GET /api/user/all 200 154 - 81.246 ms

[2022-11-07 01:11:45] [INFO] SERVICE: The service has started and is listening on port 3001
[2022-11-07 01:11:45] [INFO] DATABASE: Connection to challenge database successfully established
